Arguments: 
  C:\Program Files\nodejs\node.exe C:\Program Files (x86)\Yarn\bin\yarn.js start

PATH: 
  C:\Program Files\Git\mingw64\bin;C:\Program Files\Git\usr\bin;C:\Users\nathan\bin;C:\Program Files\Git\mingw64\bin;C:\Program Files\Git\usr\bin;C:\Users\nathan\bin;C:\ProgramData\Oracle\Java\javapath;C:\Program Files (x86)\Intel\iCLS Client;C:\Program Files\Intel\iCLS Client;C:\Windows\system32;C:\Windows;C:\Windows\System32\Wbem;C:\Windows\System32\WindowsPowerShell\v1.0;C:\Program Files (x86)\Intel\Intel(R) Management Engine Components\DAL;C:\Program Files\Intel\Intel(R) Management Engine Components\DAL;C:\Program Files (x86)\Intel\Intel(R) Management Engine Components\IPT;C:\Program Files\Intel\Intel(R) Management Engine Components\IPT;C:\Program Files\Git\cmd;C:\Program Files\nodejs;C:\Program Files (x86)\Yarn\bin;C:\Users\nathan\AppData\Local\Microsoft\WindowsApps;C:\Users\nathan\AppData\Roaming\npm;C:\Program Files\Microsoft VS Code\bin;C:\Users\nathan\AppData\Local\Yarn\bin

Yarn version: 
  1.5.1

Node version: 
  9.5.0

Platform: 
  win32 x64

npm manifest: 
  {
    "name": "b-crypt",
    "version": "0.1.0",
    "private": true,
    "dependencies": {
      "axios": "^0.18.0",
      "bcrypt": "^1.0.3",
      "body-parser": "^1.18.2",
      "cors": "^2.8.4",
      "express": "^4.16.3",
      "massive": "^4.7.1",
      "react": "^16.2.0",
      "react-dom": "^16.2.0",
      "react-scripts": "1.1.1"
    },
    "scripts": {
      "start": "react-scripts start",
      "build": "react-scripts build",
      "test": "react-scripts test --env=jsdom",
      "eject": "react-scripts eject"
    },
    "proxy": "http://localhost:3001"
  }

yarn manifest: 
  No manifest

Lockfile: 
  No lockfile

Trace: 
  Error: Command failed.
  Exit code: 1
  Command: C:\Windows\system32\cmd.exe
  Arguments: /d /s /c react-scripts start
  Directory: C:\Users\nathan\devmtn\friendly-guacamole
  Output:
  
      at ProcessTermError.MessageError (C:\Program Files (x86)\Yarn\lib\cli.js:186:110)
      at new ProcessTermError (C:\Program Files (x86)\Yarn\lib\cli.js:226:113)
      at ChildProcess.<anonymous> (C:\Program Files (x86)\Yarn\lib\cli.js:30281:17)
      at ChildProcess.emit (events.js:160:13)
      at maybeClose (internal/child_process.js:943:16)
      at Process.ChildProcess._handle.onexit (internal/child_process.js:220:5)
